<?xml version="1.0" encoding="UTF-8"?>
<testsuite xmlns:xsi="http://www.w3.org/2001/XMLSchema-instance" xsi:noNamespaceSchemaLocation="https://maven.apache.org/surefire/maven-surefire-plugin/xsd/surefire-test-report-3.0.xsd" version="3.0" name="com.nexsoft.test.CalculatorTest" time="0.284" tests="27" errors="0" skipped="0" failures="0">
  <properties>
[...]
</properties>
  <testcase name="testSubstract1" classname="com.nexsoft.test.CalculatorTest" time="0.031"/>
  <testcase name="testSubstract2" classname="com.nexsoft.test.CalculatorTest" time="0.001"/>
  <testcase name="testSubstract4" classname="com.nexsoft.test.CalculatorTest" time="0.007"/>
  <testcase name="testCheckVocal(String)[1]" classname="com.nexsoft.test.CalculatorTest" time="0.049"/>
  <testcase name="testCheckVocal(String)[2]" classname="com.nexsoft.test.CalculatorTest" time="0.001"/>
  <testcase name="testCheckVocal(String)[3]" classname="com.nexsoft.test.CalculatorTest" time="0.002"/>
  <testcase name="testCheckVocal(String)[4]" classname="com.nexsoft.test.CalculatorTest" time="0.002"/>
  <testcase name="testCheckVocal(String)[5]" classname="com.nexsoft.test.CalculatorTest" time="0.002"/>
  <testcase name="testAdd1" classname="com.nexsoft.test.CalculatorTest" time="0.001"/>
  <testcase name="testAdd2" classname="com.nexsoft.test.CalculatorTest" time="0.001"/>
  <testcase name="testAdd4" classname="com.nexsoft.test.CalculatorTest" time="0"/>
  <testcase name="testDivideStream(int, int, int)[1]" classname="com.nexsoft.test.CalculatorTest" time="0.001"/>
  <testcase name="testDivideStream(int, int, int)[2]" classname="com.nexsoft.test.CalculatorTest" time="0.001"/>
  <testcase name="testDivideThrow1" classname="com.nexsoft.test.CalculatorTest" time="0.004"/>
  <testcase name="testDivideThrow2" classname="com.nexsoft.test.CalculatorTest" time="0.002"/>
  <testcase name="testMultiplyCsvFile(int, int, int, int)[1]" classname="com.nexsoft.test.CalculatorTest" time="0.002"/>
  <testcase name="testMultiplyCsvFile(int, int, int, int)[2]" classname="com.nexsoft.test.CalculatorTest" time="0.002"/>
  <testcase name="testMultiplyCsvFile(int, int, int, int)[3]" classname="com.nexsoft.test.CalculatorTest" time="0.001"/>
  <testcase name="testCheckGanjil(int)[1]" classname="com.nexsoft.test.CalculatorTest" time="0.001"/>
  <testcase name="testCheckGanjil(int)[2]" classname="com.nexsoft.test.CalculatorTest" time="0.001"/>
  <testcase name="testCheckGanjil(int)[3]" classname="com.nexsoft.test.CalculatorTest" time="0.001"/>
  <testcase name="testCheckGanjil(int)[4]" classname="com.nexsoft.test.CalculatorTest" time="0.001"/>
  <testcase name="testCheckGanjil(int)[5]" classname="com.nexsoft.test.CalculatorTest" time="0.001"/>
  <testcase name="testMultiplyCsv(String, String, String, String)[1]" classname="com.nexsoft.test.CalculatorTest" time="0.001"/>
  <testcase name="testMultiplyCsv(String, String, String, String)[2]" classname="com.nexsoft.test.CalculatorTest" time="0.001"/>
  <testcase name="testMultiplyCsv(String, String, String, String)[3]" classname="com.nexsoft.test.CalculatorTest" time="0.001"/>
  <testcase name="testUnion1" classname="com.nexsoft.test.CalculatorTest" time="0.006"/>
</testsuite>